[2024-02-07T16:26:27.389+0000] {taskinstance.py:1956} INFO - Dependencies all met for dep_context=non-requeueable deps ti=<TaskInstance: senegal_presidential_election_dag.insert_candidates manual__2024-02-07T16:26:19.860121+00:00 [queued]>
[2024-02-07T16:26:27.404+0000] {taskinstance.py:1956} INFO - Dependencies all met for dep_context=requeueable deps ti=<TaskInstance: senegal_presidential_election_dag.insert_candidates manual__2024-02-07T16:26:19.860121+00:00 [queued]>
[2024-02-07T16:26:27.406+0000] {taskinstance.py:2170} INFO - Starting attempt 1 of 2
[2024-02-07T16:26:27.432+0000] {taskinstance.py:2191} INFO - Executing <Task(PostgresOperator): insert_candidates> on 2024-02-07 16:26:19.860121+00:00
[2024-02-07T16:26:27.440+0000] {standard_task_runner.py:60} INFO - Started process 7854 to run task
[2024-02-07T16:26:27.444+0000] {standard_task_runner.py:87} INFO - Running: ['***', 'tasks', 'run', 'senegal_presidential_election_dag', 'insert_candidates', 'manual__2024-02-07T16:26:19.860121+00:00', '--job-id', '281', '--raw', '--subdir', 'DAGS_FOLDER/election_xcom.py', '--cfg-path', '/tmp/tmpin6rackk']
[2024-02-07T16:26:27.449+0000] {standard_task_runner.py:88} INFO - Job 281: Subtask insert_candidates
[2024-02-07T16:26:27.520+0000] {task_command.py:423} INFO - Running <TaskInstance: senegal_presidential_election_dag.insert_candidates manual__2024-02-07T16:26:19.860121+00:00 [running]> on host 4775ae97916b
[2024-02-07T16:26:27.640+0000] {taskinstance.py:2480} INFO - Exporting env vars: AIRFLOW_CTX_DAG_OWNER='el_mboup' AIRFLOW_CTX_DAG_ID='senegal_presidential_election_dag' AIRFLOW_CTX_TASK_ID='insert_candidates' AIRFLOW_CTX_EXECUTION_DATE='2024-02-07T16:26:19.860121+00:00' AIRFLOW_CTX_TRY_NUMBER='1' AIRFLOW_CTX_DAG_RUN_ID='manual__2024-02-07T16:26:19.860121+00:00'
[2024-02-07T16:26:27.642+0000] {sql.py:276} INFO - Executing: 
   INSERT INTO candidatures_presidentielle (prenom, nom, parti, satut_validation) VALUES
   ('Amadou', 'Ba', 'APR', 'validée'),
   ('Ousmane', 'Sonko', 'ex-PASTEF', 'Rejetée'),
   ('Karim', 'Wade', 'PDS', 'Rejetée'),
   ('Pape Djibril', 'Fall', 'Serviteur', 'validée');
   
[2024-02-07T16:26:27.654+0000] {base.py:83} INFO - Using connection ID 'postgres_conn' for task execution.
[2024-02-07T16:26:27.669+0000] {base.py:83} INFO - Using connection ID 'postgres_conn' for task execution.
[2024-02-07T16:26:27.673+0000] {sql.py:450} INFO - Running statement: 
   INSERT INTO candidatures_presidentielle (prenom, nom, parti, satut_validation) VALUES
   ('Amadou', 'Ba', 'APR', 'validée'),
   ('Ousmane', 'Sonko', 'ex-PASTEF', 'Rejetée'),
   ('Karim', 'Wade', 'PDS', 'Rejetée'),
   ('Pape Djibril', 'Fall', 'Serviteur', 'validée');
   , parameters: None
[2024-02-07T16:26:27.676+0000] {sql.py:459} INFO - Rows affected: 4
[2024-02-07T16:26:27.691+0000] {taskinstance.py:1138} INFO - Marking task as SUCCESS. dag_id=senegal_presidential_election_dag, task_id=insert_candidates, execution_date=20240207T162619, start_date=20240207T162627, end_date=20240207T162627
[2024-02-07T16:26:27.740+0000] {local_task_job_runner.py:234} INFO - Task exited with return code 0
[2024-02-07T16:26:27.781+0000] {taskinstance.py:3280} INFO - 1 downstream tasks scheduled from follow-on schedule check
