[2024-02-06T22:16:18.766+0000] {taskinstance.py:1956} INFO - Dependencies all met for dep_context=non-requeueable deps ti=<TaskInstance: airflow-postgres-dag.insert_data manual__2024-02-06T21:31:41.150201+00:00 [queued]>
[2024-02-06T22:16:18.784+0000] {taskinstance.py:1956} INFO - Dependencies all met for dep_context=requeueable deps ti=<TaskInstance: airflow-postgres-dag.insert_data manual__2024-02-06T21:31:41.150201+00:00 [queued]>
[2024-02-06T22:16:18.785+0000] {taskinstance.py:2170} INFO - Starting attempt 4 of 5
[2024-02-06T22:16:18.811+0000] {taskinstance.py:2191} INFO - Executing <Task(PythonOperator): insert_data> on 2024-02-06 21:31:41.150201+00:00
[2024-02-06T22:16:18.823+0000] {standard_task_runner.py:60} INFO - Started process 201 to run task
[2024-02-06T22:16:18.847+0000] {standard_task_runner.py:87} INFO - Running: ['***', 'tasks', 'run', '***-postgres-dag', 'insert_data', 'manual__2024-02-06T21:31:41.150201+00:00', '--job-id', '13', '--raw', '--subdir', 'DAGS_FOLDER/election_dag.py', '--cfg-path', '/tmp/tmpg0t3nbvo']
[2024-02-06T22:16:18.853+0000] {standard_task_runner.py:88} INFO - Job 13: Subtask insert_data
[2024-02-06T22:16:18.944+0000] {task_command.py:423} INFO - Running <TaskInstance: airflow-postgres-dag.insert_data manual__2024-02-06T21:31:41.150201+00:00 [running]> on host 4775ae97916b
[2024-02-06T22:16:19.075+0000] {taskinstance.py:2480} INFO - Exporting env vars: AIRFLOW_CTX_DAG_OWNER='El_mboup' AIRFLOW_CTX_DAG_ID='***-postgres-dag' AIRFLOW_CTX_TASK_ID='insert_data' AIRFLOW_CTX_EXECUTION_DATE='2024-02-06T21:31:41.150201+00:00' AIRFLOW_CTX_TRY_NUMBER='4' AIRFLOW_CTX_DAG_RUN_ID='manual__2024-02-06T21:31:41.150201+00:00'
[2024-02-06T22:16:19.081+0000] {sql.py:276} INFO - Executing: 
   INSERT INTO candidatures_presidentielle (prenom, nom, parti, satut_validation) VALUES
   ('Amadou', 'Ba', 'APR', 'validée'),
   ('Ousmane', 'Sonko', 'ex-PASTEF', 'Rejetée'),
   ('Karim', 'Wade', 'PDS', 'Rejetée'),
   ('Pape Djibril', 'Fall', 'Serviteur', 'validée');
   
[2024-02-06T22:16:19.098+0000] {base.py:83} INFO - Using connection ID 'postgres_conn' for task execution.
[2024-02-06T22:16:19.186+0000] {base.py:83} INFO - Using connection ID 'postgres_conn' for task execution.
[2024-02-06T22:16:19.200+0000] {sql.py:450} INFO - Running statement: 
   INSERT INTO candidatures_presidentielle (prenom, nom, parti, satut_validation) VALUES
   ('Amadou', 'Ba', 'APR', 'validée'),
   ('Ousmane', 'Sonko', 'ex-PASTEF', 'Rejetée'),
   ('Karim', 'Wade', 'PDS', 'Rejetée'),
   ('Pape Djibril', 'Fall', 'Serviteur', 'validée');
   , parameters: None
[2024-02-06T22:16:19.203+0000] {sql.py:459} INFO - Rows affected: 4
[2024-02-06T22:16:19.207+0000] {python.py:201} INFO - Done. Returned value was: None
[2024-02-06T22:16:19.225+0000] {taskinstance.py:1138} INFO - Marking task as SUCCESS. dag_id=***-postgres-dag, task_id=insert_data, execution_date=20240206T213141, start_date=20240206T221618, end_date=20240206T221619
[2024-02-06T22:16:19.298+0000] {local_task_job_runner.py:234} INFO - Task exited with return code 0
[2024-02-06T22:16:19.347+0000] {taskinstance.py:3280} INFO - 1 downstream tasks scheduled from follow-on schedule check
