[2024-02-07T11:42:35.231+0000] {taskinstance.py:1956} INFO - Dependencies all met for dep_context=non-requeueable deps ti=<TaskInstance: airflow-postgres-dag.insert_data manual__2024-02-07T11:42:22.620444+00:00 [queued]>
[2024-02-07T11:42:35.245+0000] {taskinstance.py:1956} INFO - Dependencies all met for dep_context=requeueable deps ti=<TaskInstance: airflow-postgres-dag.insert_data manual__2024-02-07T11:42:22.620444+00:00 [queued]>
[2024-02-07T11:42:35.247+0000] {taskinstance.py:2170} INFO - Starting attempt 1 of 2
[2024-02-07T11:42:35.279+0000] {taskinstance.py:2191} INFO - Executing <Task(PythonOperator): insert_data> on 2024-02-07 11:42:22.620444+00:00
[2024-02-07T11:42:35.288+0000] {standard_task_runner.py:60} INFO - Started process 5067 to run task
[2024-02-07T11:42:35.293+0000] {standard_task_runner.py:87} INFO - Running: ['***', 'tasks', 'run', '***-postgres-dag', 'insert_data', 'manual__2024-02-07T11:42:22.620444+00:00', '--job-id', '246', '--raw', '--subdir', 'DAGS_FOLDER/election_dag.py', '--cfg-path', '/tmp/tmpnhz9yrg3']
[2024-02-07T11:42:35.294+0000] {standard_task_runner.py:88} INFO - Job 246: Subtask insert_data
[2024-02-07T11:42:35.384+0000] {task_command.py:423} INFO - Running <TaskInstance: airflow-postgres-dag.insert_data manual__2024-02-07T11:42:22.620444+00:00 [running]> on host 4775ae97916b
[2024-02-07T11:42:35.792+0000] {taskinstance.py:2480} INFO - Exporting env vars: AIRFLOW_CTX_DAG_OWNER='El_mboup' AIRFLOW_CTX_DAG_ID='***-postgres-dag' AIRFLOW_CTX_TASK_ID='insert_data' AIRFLOW_CTX_EXECUTION_DATE='2024-02-07T11:42:22.620444+00:00' AIRFLOW_CTX_TRY_NUMBER='1' AIRFLOW_CTX_DAG_RUN_ID='manual__2024-02-07T11:42:22.620444+00:00'
[2024-02-07T11:42:35.801+0000] {sql.py:276} INFO - Executing: 
   INSERT INTO candidatures_presidentielle (prenom, nom, parti, satut_validation) VALUES
   ('Amadou', 'Ba', 'APR', 'validée'),
   ('Ousmane', 'Sonko', 'ex-PASTEF', 'Rejetée'),
   ('Karim', 'Wade', 'PDS', 'Rejetée'),
   ('Pape Djibril', 'Fall', 'Serviteur', 'validée');
   
[2024-02-07T11:42:35.829+0000] {base.py:83} INFO - Using connection ID 'postgres_conn' for task execution.
[2024-02-07T11:42:35.870+0000] {base.py:83} INFO - Using connection ID 'postgres_conn' for task execution.
[2024-02-07T11:42:35.927+0000] {sql.py:450} INFO - Running statement: 
   INSERT INTO candidatures_presidentielle (prenom, nom, parti, satut_validation) VALUES
   ('Amadou', 'Ba', 'APR', 'validée'),
   ('Ousmane', 'Sonko', 'ex-PASTEF', 'Rejetée'),
   ('Karim', 'Wade', 'PDS', 'Rejetée'),
   ('Pape Djibril', 'Fall', 'Serviteur', 'validée');
   , parameters: None
[2024-02-07T11:42:35.954+0000] {sql.py:459} INFO - Rows affected: 4
[2024-02-07T11:42:35.958+0000] {python.py:201} INFO - Done. Returned value was: None
[2024-02-07T11:42:36.008+0000] {taskinstance.py:1138} INFO - Marking task as SUCCESS. dag_id=***-postgres-dag, task_id=insert_data, execution_date=20240207T114222, start_date=20240207T114235, end_date=20240207T114236
[2024-02-07T11:42:36.087+0000] {local_task_job_runner.py:234} INFO - Task exited with return code 0
[2024-02-07T11:42:36.259+0000] {taskinstance.py:3280} INFO - 1 downstream tasks scheduled from follow-on schedule check
