[2024-02-07T12:43:43.038+0000] {taskinstance.py:1956} INFO - Dependencies all met for dep_context=non-requeueable deps ti=<TaskInstance: airflow-postgres-dag.insert_data manual__2024-02-07T12:43:37.180398+00:00 [queued]>
[2024-02-07T12:43:43.047+0000] {taskinstance.py:1956} INFO - Dependencies all met for dep_context=requeueable deps ti=<TaskInstance: airflow-postgres-dag.insert_data manual__2024-02-07T12:43:37.180398+00:00 [queued]>
[2024-02-07T12:43:43.048+0000] {taskinstance.py:2170} INFO - Starting attempt 1 of 2
[2024-02-07T12:43:43.065+0000] {taskinstance.py:2191} INFO - Executing <Task(PythonOperator): insert_data> on 2024-02-07 12:43:37.180398+00:00
[2024-02-07T12:43:43.073+0000] {standard_task_runner.py:60} INFO - Started process 5967 to run task
[2024-02-07T12:43:43.077+0000] {standard_task_runner.py:87} INFO - Running: ['***', 'tasks', 'run', '***-postgres-dag', 'insert_data', 'manual__2024-02-07T12:43:37.180398+00:00', '--job-id', '262', '--raw', '--subdir', 'DAGS_FOLDER/election_dag.py', '--cfg-path', '/tmp/tmpu19s99tq']
[2024-02-07T12:43:43.078+0000] {standard_task_runner.py:88} INFO - Job 262: Subtask insert_data
[2024-02-07T12:43:43.132+0000] {task_command.py:423} INFO - Running <TaskInstance: airflow-postgres-dag.insert_data manual__2024-02-07T12:43:37.180398+00:00 [running]> on host 4775ae97916b
[2024-02-07T12:43:43.225+0000] {taskinstance.py:2480} INFO - Exporting env vars: AIRFLOW_CTX_DAG_OWNER='El_mboup' AIRFLOW_CTX_DAG_ID='***-postgres-dag' AIRFLOW_CTX_TASK_ID='insert_data' AIRFLOW_CTX_EXECUTION_DATE='2024-02-07T12:43:37.180398+00:00' AIRFLOW_CTX_TRY_NUMBER='1' AIRFLOW_CTX_DAG_RUN_ID='manual__2024-02-07T12:43:37.180398+00:00'
[2024-02-07T12:43:43.228+0000] {sql.py:276} INFO - Executing: 
   INSERT INTO candidatures_presidentielle (prenom, nom, parti, satut_validation) VALUES
   ('Amadou', 'Ba', 'APR', 'validée'),
   ('Ousmane', 'Sonko', 'ex-PASTEF', 'Rejetée'),
   ('Karim', 'Wade', 'PDS', 'Rejetée'),
   ('Pape Djibril', 'Fall', 'Serviteur', 'validée'),
   ('Anta Babacar', 'Ngom', 'Alternative Citoyenne', 'validée');
   
[2024-02-07T12:43:43.238+0000] {base.py:83} INFO - Using connection ID 'postgres_conn' for task execution.
[2024-02-07T12:43:43.248+0000] {base.py:83} INFO - Using connection ID 'postgres_conn' for task execution.
[2024-02-07T12:43:43.253+0000] {sql.py:450} INFO - Running statement: 
   INSERT INTO candidatures_presidentielle (prenom, nom, parti, satut_validation) VALUES
   ('Amadou', 'Ba', 'APR', 'validée'),
   ('Ousmane', 'Sonko', 'ex-PASTEF', 'Rejetée'),
   ('Karim', 'Wade', 'PDS', 'Rejetée'),
   ('Pape Djibril', 'Fall', 'Serviteur', 'validée'),
   ('Anta Babacar', 'Ngom', 'Alternative Citoyenne', 'validée');
   , parameters: None
[2024-02-07T12:43:43.255+0000] {sql.py:459} INFO - Rows affected: 5
[2024-02-07T12:43:43.259+0000] {python.py:201} INFO - Done. Returned value was: None
[2024-02-07T12:43:43.270+0000] {taskinstance.py:1138} INFO - Marking task as SUCCESS. dag_id=***-postgres-dag, task_id=insert_data, execution_date=20240207T124337, start_date=20240207T124343, end_date=20240207T124343
[2024-02-07T12:43:43.332+0000] {local_task_job_runner.py:234} INFO - Task exited with return code 0
[2024-02-07T12:43:43.367+0000] {taskinstance.py:3280} INFO - 1 downstream tasks scheduled from follow-on schedule check
