[2024-02-06T22:26:59.640+0000] {taskinstance.py:1956} INFO - Dependencies all met for dep_context=non-requeueable deps ti=<TaskInstance: senegal_presidential_election_dag.create_candidate_table manual__2024-02-06T22:26:56.887233+00:00 [queued]>
[2024-02-06T22:26:59.651+0000] {taskinstance.py:1956} INFO - Dependencies all met for dep_context=requeueable deps ti=<TaskInstance: senegal_presidential_election_dag.create_candidate_table manual__2024-02-06T22:26:56.887233+00:00 [queued]>
[2024-02-06T22:26:59.652+0000] {taskinstance.py:2170} INFO - Starting attempt 1 of 2
[2024-02-06T22:26:59.669+0000] {taskinstance.py:2191} INFO - Executing <Task(PostgresOperator): create_candidate_table> on 2024-02-06 22:26:56.887233+00:00
[2024-02-06T22:26:59.679+0000] {standard_task_runner.py:60} INFO - Started process 386 to run task
[2024-02-06T22:26:59.682+0000] {standard_task_runner.py:87} INFO - Running: ['***', 'tasks', 'run', 'senegal_presidential_election_dag', 'create_candidate_table', 'manual__2024-02-06T22:26:56.887233+00:00', '--job-id', '23', '--raw', '--subdir', 'DAGS_FOLDER/election_xcom.py', '--cfg-path', '/tmp/tmp1qt4j0on']
[2024-02-06T22:26:59.688+0000] {standard_task_runner.py:88} INFO - Job 23: Subtask create_candidate_table
[2024-02-06T22:26:59.745+0000] {task_command.py:423} INFO - Running <TaskInstance: senegal_presidential_election_dag.create_candidate_table manual__2024-02-06T22:26:56.887233+00:00 [running]> on host 4775ae97916b
[2024-02-06T22:26:59.828+0000] {taskinstance.py:2480} INFO - Exporting env vars: AIRFLOW_CTX_DAG_OWNER='el_mboup' AIRFLOW_CTX_DAG_ID='senegal_presidential_election_dag' AIRFLOW_CTX_TASK_ID='create_candidate_table' AIRFLOW_CTX_EXECUTION_DATE='2024-02-06T22:26:56.887233+00:00' AIRFLOW_CTX_TRY_NUMBER='1' AIRFLOW_CTX_DAG_RUN_ID='manual__2024-02-06T22:26:56.887233+00:00'
[2024-02-06T22:26:59.830+0000] {sql.py:276} INFO - Executing: 
   CREATE TABLE IF NOT EXISTS candidatures_presidentielle (
       id SERIAL PRIMARY KEY,
       prenom VARCHAR(255),
       nom VARCHAR(255),
       parti VARCHAR(255),
       satut_validation VARCHAR(50)
   );
   
[2024-02-06T22:26:59.851+0000] {taskinstance.py:2698} ERROR - Task failed with exception
Traceback (most recent call last):
  File "/home/airflow/.local/lib/python3.8/site-packages/airflow/models/taskinstance.py", line 433, in _execute_task
    result = execute_callable(context=context, **execute_callable_kwargs)
  File "/home/airflow/.local/lib/python3.8/site-packages/airflow/providers/common/sql/operators/sql.py", line 277, in execute
    hook = self.get_db_hook()
  File "/home/airflow/.local/lib/python3.8/site-packages/airflow/providers/common/sql/operators/sql.py", line 188, in get_db_hook
    return self._hook
  File "/usr/local/lib/python3.8/functools.py", line 967, in __get__
    val = self.func(instance)
  File "/home/airflow/.local/lib/python3.8/site-packages/airflow/providers/common/sql/operators/sql.py", line 150, in _hook
    conn = BaseHook.get_connection(conn_id)
  File "/home/airflow/.local/lib/python3.8/site-packages/airflow/hooks/base.py", line 82, in get_connection
    conn = Connection.get_connection_from_secrets(conn_id)
  File "/home/airflow/.local/lib/python3.8/site-packages/airflow/models/connection.py", line 479, in get_connection_from_secrets
    raise AirflowNotFoundException(f"The conn_id `{conn_id}` isn't defined")
airflow.exceptions.AirflowNotFoundException: The conn_id `postgres_default` isn't defined
[2024-02-06T22:26:59.855+0000] {taskinstance.py:1138} INFO - Marking task as UP_FOR_RETRY. dag_id=senegal_presidential_election_dag, task_id=create_candidate_table, execution_date=20240206T222656, start_date=20240206T222659, end_date=20240206T222659
[2024-02-06T22:26:59.868+0000] {standard_task_runner.py:107} ERROR - Failed to execute job 23 for task create_candidate_table (The conn_id `postgres_default` isn't defined; 386)
[2024-02-06T22:26:59.912+0000] {local_task_job_runner.py:234} INFO - Task exited with return code 1
[2024-02-06T22:26:59.943+0000] {taskinstance.py:3280} INFO - 0 downstream tasks scheduled from follow-on schedule check
