[2024-02-06T22:31:45.225+0000] {taskinstance.py:1956} INFO - Dependencies all met for dep_context=non-requeueable deps ti=<TaskInstance: senegal_presidential_election_dag.create_candidate_table manual__2024-02-06T22:26:56.887233+00:00 [queued]>
[2024-02-06T22:31:45.234+0000] {taskinstance.py:1956} INFO - Dependencies all met for dep_context=requeueable deps ti=<TaskInstance: senegal_presidential_election_dag.create_candidate_table manual__2024-02-06T22:26:56.887233+00:00 [queued]>
[2024-02-06T22:31:45.234+0000] {taskinstance.py:2170} INFO - Starting attempt 4 of 5
[2024-02-06T22:31:45.255+0000] {taskinstance.py:2191} INFO - Executing <Task(PostgresOperator): create_candidate_table> on 2024-02-06 22:26:56.887233+00:00
[2024-02-06T22:31:45.261+0000] {standard_task_runner.py:60} INFO - Started process 459 to run task
[2024-02-06T22:31:45.265+0000] {standard_task_runner.py:87} INFO - Running: ['***', 'tasks', 'run', 'senegal_presidential_election_dag', 'create_candidate_table', 'manual__2024-02-06T22:26:56.887233+00:00', '--job-id', '25', '--raw', '--subdir', 'DAGS_FOLDER/election_xcom.py', '--cfg-path', '/tmp/tmpsk7n97st']
[2024-02-06T22:31:45.269+0000] {standard_task_runner.py:88} INFO - Job 25: Subtask create_candidate_table
[2024-02-06T22:31:45.329+0000] {task_command.py:423} INFO - Running <TaskInstance: senegal_presidential_election_dag.create_candidate_table manual__2024-02-06T22:26:56.887233+00:00 [running]> on host 4775ae97916b
[2024-02-06T22:31:45.424+0000] {taskinstance.py:2480} INFO - Exporting env vars: AIRFLOW_CTX_DAG_OWNER='el_mboup' AIRFLOW_CTX_DAG_ID='senegal_presidential_election_dag' AIRFLOW_CTX_TASK_ID='create_candidate_table' AIRFLOW_CTX_EXECUTION_DATE='2024-02-06T22:26:56.887233+00:00' AIRFLOW_CTX_TRY_NUMBER='4' AIRFLOW_CTX_DAG_RUN_ID='manual__2024-02-06T22:26:56.887233+00:00'
[2024-02-06T22:31:45.426+0000] {sql.py:276} INFO - Executing: 
   CREATE TABLE IF NOT EXISTS candidatures_presidentielle (
       id SERIAL PRIMARY KEY,
       prenom VARCHAR(255),
       nom VARCHAR(255),
       parti VARCHAR(255),
       satut_validation VARCHAR(50)
   );
   
[2024-02-06T22:31:45.435+0000] {base.py:83} INFO - Using connection ID 'postgres_conn' for task execution.
[2024-02-06T22:31:45.454+0000] {base.py:83} INFO - Using connection ID 'postgres_conn' for task execution.
[2024-02-06T22:31:45.459+0000] {sql.py:450} INFO - Running statement: 
   CREATE TABLE IF NOT EXISTS candidatures_presidentielle (
       id SERIAL PRIMARY KEY,
       prenom VARCHAR(255),
       nom VARCHAR(255),
       parti VARCHAR(255),
       satut_validation VARCHAR(50)
   );
   , parameters: None
[2024-02-06T22:31:45.480+0000] {taskinstance.py:1138} INFO - Marking task as SUCCESS. dag_id=senegal_presidential_election_dag, task_id=create_candidate_table, execution_date=20240206T222656, start_date=20240206T223145, end_date=20240206T223145
[2024-02-06T22:31:45.520+0000] {local_task_job_runner.py:234} INFO - Task exited with return code 0
[2024-02-06T22:31:45.584+0000] {taskinstance.py:3280} INFO - 1 downstream tasks scheduled from follow-on schedule check
