[2024-02-07T12:43:40.179+0000] {taskinstance.py:1956} INFO - Dependencies all met for dep_context=non-requeueable deps ti=<TaskInstance: airflow-postgres-dag.create_table manual__2024-02-07T12:43:37.180398+00:00 [queued]>
[2024-02-07T12:43:40.188+0000] {taskinstance.py:1956} INFO - Dependencies all met for dep_context=requeueable deps ti=<TaskInstance: airflow-postgres-dag.create_table manual__2024-02-07T12:43:37.180398+00:00 [queued]>
[2024-02-07T12:43:40.189+0000] {taskinstance.py:2170} INFO - Starting attempt 1 of 2
[2024-02-07T12:43:40.207+0000] {taskinstance.py:2191} INFO - Executing <Task(PythonOperator): create_table> on 2024-02-07 12:43:37.180398+00:00
[2024-02-07T12:43:40.220+0000] {standard_task_runner.py:60} INFO - Started process 5964 to run task
[2024-02-07T12:43:40.224+0000] {standard_task_runner.py:87} INFO - Running: ['***', 'tasks', 'run', '***-postgres-dag', 'create_table', 'manual__2024-02-07T12:43:37.180398+00:00', '--job-id', '261', '--raw', '--subdir', 'DAGS_FOLDER/election_dag.py', '--cfg-path', '/tmp/tmp95g74rmo']
[2024-02-07T12:43:40.226+0000] {standard_task_runner.py:88} INFO - Job 261: Subtask create_table
[2024-02-07T12:43:40.296+0000] {task_command.py:423} INFO - Running <TaskInstance: airflow-postgres-dag.create_table manual__2024-02-07T12:43:37.180398+00:00 [running]> on host 4775ae97916b
[2024-02-07T12:43:40.491+0000] {taskinstance.py:2480} INFO - Exporting env vars: AIRFLOW_CTX_DAG_OWNER='El_mboup' AIRFLOW_CTX_DAG_ID='***-postgres-dag' AIRFLOW_CTX_TASK_ID='create_table' AIRFLOW_CTX_EXECUTION_DATE='2024-02-07T12:43:37.180398+00:00' AIRFLOW_CTX_TRY_NUMBER='1' AIRFLOW_CTX_DAG_RUN_ID='manual__2024-02-07T12:43:37.180398+00:00'
[2024-02-07T12:43:40.498+0000] {sql.py:276} INFO - Executing: 
   CREATE TABLE IF NOT EXISTS candidatures_presidentielle (
       id SERIAL PRIMARY KEY,
       prenom VARCHAR(255),
       nom VARCHAR(255),
       parti VARCHAR(255),
       satut_validation VARCHAR(50)
   );
   
[2024-02-07T12:43:40.518+0000] {base.py:83} INFO - Using connection ID 'postgres_conn' for task execution.
[2024-02-07T12:43:40.544+0000] {base.py:83} INFO - Using connection ID 'postgres_conn' for task execution.
[2024-02-07T12:43:40.552+0000] {sql.py:450} INFO - Running statement: 
   CREATE TABLE IF NOT EXISTS candidatures_presidentielle (
       id SERIAL PRIMARY KEY,
       prenom VARCHAR(255),
       nom VARCHAR(255),
       parti VARCHAR(255),
       satut_validation VARCHAR(50)
   );
   , parameters: None
[2024-02-07T12:43:40.581+0000] {python.py:201} INFO - Done. Returned value was: None
[2024-02-07T12:43:40.598+0000] {taskinstance.py:1138} INFO - Marking task as SUCCESS. dag_id=***-postgres-dag, task_id=create_table, execution_date=20240207T124337, start_date=20240207T124340, end_date=20240207T124340
[2024-02-07T12:43:40.742+0000] {local_task_job_runner.py:234} INFO - Task exited with return code 0
[2024-02-07T12:43:40.808+0000] {taskinstance.py:3280} INFO - 1 downstream tasks scheduled from follow-on schedule check
