[2024-02-06T22:34:13.673+0000] {taskinstance.py:1956} INFO - Dependencies all met for dep_context=non-requeueable deps ti=<TaskInstance: senegal_presidential_election_dag.insert_candidates manual__2024-02-06T22:26:56.887233+00:00 [queued]>
[2024-02-06T22:34:13.682+0000] {taskinstance.py:1956} INFO - Dependencies all met for dep_context=requeueable deps ti=<TaskInstance: senegal_presidential_election_dag.insert_candidates manual__2024-02-06T22:26:56.887233+00:00 [queued]>
[2024-02-06T22:34:13.683+0000] {taskinstance.py:2170} INFO - Starting attempt 3 of 4
[2024-02-06T22:34:13.701+0000] {taskinstance.py:2191} INFO - Executing <Task(PostgresOperator): insert_candidates> on 2024-02-06 22:26:56.887233+00:00
[2024-02-06T22:34:13.708+0000] {standard_task_runner.py:60} INFO - Started process 508 to run task
[2024-02-06T22:34:13.712+0000] {standard_task_runner.py:87} INFO - Running: ['***', 'tasks', 'run', 'senegal_presidential_election_dag', 'insert_candidates', 'manual__2024-02-06T22:26:56.887233+00:00', '--job-id', '28', '--raw', '--subdir', 'DAGS_FOLDER/election_xcom.py', '--cfg-path', '/tmp/tmpdtwjwrlj']
[2024-02-06T22:34:13.715+0000] {standard_task_runner.py:88} INFO - Job 28: Subtask insert_candidates
[2024-02-06T22:34:13.771+0000] {task_command.py:423} INFO - Running <TaskInstance: senegal_presidential_election_dag.insert_candidates manual__2024-02-06T22:26:56.887233+00:00 [running]> on host 4775ae97916b
[2024-02-06T22:34:13.861+0000] {taskinstance.py:2480} INFO - Exporting env vars: AIRFLOW_CTX_DAG_OWNER='el_mboup' AIRFLOW_CTX_DAG_ID='senegal_presidential_election_dag' AIRFLOW_CTX_TASK_ID='insert_candidates' AIRFLOW_CTX_EXECUTION_DATE='2024-02-06T22:26:56.887233+00:00' AIRFLOW_CTX_TRY_NUMBER='3' AIRFLOW_CTX_DAG_RUN_ID='manual__2024-02-06T22:26:56.887233+00:00'
[2024-02-06T22:34:13.864+0000] {sql.py:276} INFO - Executing: 
   INSERT INTO candidatures_presidentielle (prenom, nom, parti, satut_validation) VALUES
   ('Amadou', 'Ba', 'APR', 'validée'),
   ('Ousmane', 'Sonko', 'ex-PASTEF', 'Rejetée'),
   ('Karim', 'Wade', 'PDS', 'Rejetée'),
   ('Pape Djibril', 'Fall', 'Serviteur', 'validée');
   
[2024-02-06T22:34:13.875+0000] {base.py:83} INFO - Using connection ID 'postgres_conn' for task execution.
[2024-02-06T22:34:13.892+0000] {base.py:83} INFO - Using connection ID 'postgres_conn' for task execution.
[2024-02-06T22:34:13.897+0000] {sql.py:450} INFO - Running statement: 
   INSERT INTO candidatures_presidentielle (prenom, nom, parti, satut_validation) VALUES
   ('Amadou', 'Ba', 'APR', 'validée'),
   ('Ousmane', 'Sonko', 'ex-PASTEF', 'Rejetée'),
   ('Karim', 'Wade', 'PDS', 'Rejetée'),
   ('Pape Djibril', 'Fall', 'Serviteur', 'validée');
   , parameters: None
[2024-02-06T22:34:13.902+0000] {sql.py:459} INFO - Rows affected: 4
[2024-02-06T22:34:13.915+0000] {taskinstance.py:1138} INFO - Marking task as SUCCESS. dag_id=senegal_presidential_election_dag, task_id=insert_candidates, execution_date=20240206T222656, start_date=20240206T223413, end_date=20240206T223413
[2024-02-06T22:34:13.966+0000] {local_task_job_runner.py:234} INFO - Task exited with return code 0
[2024-02-06T22:34:14.028+0000] {taskinstance.py:3280} INFO - 0 downstream tasks scheduled from follow-on schedule check
