[2024-02-06T22:31:47.737+0000] {taskinstance.py:1956} INFO - Dependencies all met for dep_context=non-requeueable deps ti=<TaskInstance: senegal_presidential_election_dag.insert_candidates manual__2024-02-06T22:26:56.887233+00:00 [queued]>
[2024-02-06T22:31:47.751+0000] {taskinstance.py:1956} INFO - Dependencies all met for dep_context=requeueable deps ti=<TaskInstance: senegal_presidential_election_dag.insert_candidates manual__2024-02-06T22:26:56.887233+00:00 [queued]>
[2024-02-06T22:31:47.752+0000] {taskinstance.py:2170} INFO - Starting attempt 1 of 2
[2024-02-06T22:31:47.768+0000] {taskinstance.py:2191} INFO - Executing <Task(PostgresOperator): insert_candidates> on 2024-02-06 22:26:56.887233+00:00
[2024-02-06T22:31:47.776+0000] {standard_task_runner.py:60} INFO - Started process 462 to run task
[2024-02-06T22:31:47.780+0000] {standard_task_runner.py:87} INFO - Running: ['***', 'tasks', 'run', 'senegal_presidential_election_dag', 'insert_candidates', 'manual__2024-02-06T22:26:56.887233+00:00', '--job-id', '26', '--raw', '--subdir', 'DAGS_FOLDER/election_xcom.py', '--cfg-path', '/tmp/tmp41d24w5k']
[2024-02-06T22:31:47.783+0000] {standard_task_runner.py:88} INFO - Job 26: Subtask insert_candidates
[2024-02-06T22:31:47.843+0000] {task_command.py:423} INFO - Running <TaskInstance: senegal_presidential_election_dag.insert_candidates manual__2024-02-06T22:26:56.887233+00:00 [running]> on host 4775ae97916b
[2024-02-06T22:31:47.939+0000] {taskinstance.py:2480} INFO - Exporting env vars: AIRFLOW_CTX_DAG_OWNER='el_mboup' AIRFLOW_CTX_DAG_ID='senegal_presidential_election_dag' AIRFLOW_CTX_TASK_ID='insert_candidates' AIRFLOW_CTX_EXECUTION_DATE='2024-02-06T22:26:56.887233+00:00' AIRFLOW_CTX_TRY_NUMBER='1' AIRFLOW_CTX_DAG_RUN_ID='manual__2024-02-06T22:26:56.887233+00:00'
[2024-02-06T22:31:47.942+0000] {sql.py:276} INFO - Executing: 
   INSERT INTO candidatures_presidentielle (prenom, nom, parti, statut_validation) VALUES
   ('Amadou', 'Ba', 'APR', 'validée'),
   ('Ousmane', 'Sonko', 'ex-PASTEF', 'Rejetée'),
   ('Karim', 'Wade', 'PDS', 'Rejetée'),
   ('Pape Djibril', 'Fall', 'Serviteur', 'validée');
   
[2024-02-06T22:31:47.965+0000] {taskinstance.py:2698} ERROR - Task failed with exception
Traceback (most recent call last):
  File "/home/airflow/.local/lib/python3.8/site-packages/airflow/models/taskinstance.py", line 433, in _execute_task
    result = execute_callable(context=context, **execute_callable_kwargs)
  File "/home/airflow/.local/lib/python3.8/site-packages/airflow/providers/common/sql/operators/sql.py", line 277, in execute
    hook = self.get_db_hook()
  File "/home/airflow/.local/lib/python3.8/site-packages/airflow/providers/common/sql/operators/sql.py", line 188, in get_db_hook
    return self._hook
  File "/usr/local/lib/python3.8/functools.py", line 967, in __get__
    val = self.func(instance)
  File "/home/airflow/.local/lib/python3.8/site-packages/airflow/providers/common/sql/operators/sql.py", line 150, in _hook
    conn = BaseHook.get_connection(conn_id)
  File "/home/airflow/.local/lib/python3.8/site-packages/airflow/hooks/base.py", line 82, in get_connection
    conn = Connection.get_connection_from_secrets(conn_id)
  File "/home/airflow/.local/lib/python3.8/site-packages/airflow/models/connection.py", line 479, in get_connection_from_secrets
    raise AirflowNotFoundException(f"The conn_id `{conn_id}` isn't defined")
airflow.exceptions.AirflowNotFoundException: The conn_id `postgres_default` isn't defined
[2024-02-06T22:31:47.969+0000] {taskinstance.py:1138} INFO - Marking task as UP_FOR_RETRY. dag_id=senegal_presidential_election_dag, task_id=insert_candidates, execution_date=20240206T222656, start_date=20240206T223147, end_date=20240206T223147
[2024-02-06T22:31:47.984+0000] {standard_task_runner.py:107} ERROR - Failed to execute job 26 for task insert_candidates (The conn_id `postgres_default` isn't defined; 462)
[2024-02-06T22:31:48.036+0000] {local_task_job_runner.py:234} INFO - Task exited with return code 1
[2024-02-06T22:31:48.072+0000] {taskinstance.py:3280} INFO - 0 downstream tasks scheduled from follow-on schedule check
