[2024-02-06T23:01:26.345+0000] {taskinstance.py:1956} INFO - Dependencies all met for dep_context=non-requeueable deps ti=<TaskInstance: senegal_presidential_election_dag.query_and_return_value manual__2024-02-06T22:26:56.887233+00:00 [queued]>
[2024-02-06T23:01:26.355+0000] {taskinstance.py:1956} INFO - Dependencies all met for dep_context=requeueable deps ti=<TaskInstance: senegal_presidential_election_dag.query_and_return_value manual__2024-02-06T22:26:56.887233+00:00 [queued]>
[2024-02-06T23:01:26.356+0000] {taskinstance.py:2170} INFO - Starting attempt 13 of 14
[2024-02-06T23:01:26.370+0000] {taskinstance.py:2191} INFO - Executing <Task(PythonOperator): query_and_return_value> on 2024-02-06 22:26:56.887233+00:00
[2024-02-06T23:01:26.377+0000] {standard_task_runner.py:60} INFO - Started process 939 to run task
[2024-02-06T23:01:26.381+0000] {standard_task_runner.py:87} INFO - Running: ['***', 'tasks', 'run', 'senegal_presidential_election_dag', 'query_and_return_value', 'manual__2024-02-06T22:26:56.887233+00:00', '--job-id', '41', '--raw', '--subdir', 'DAGS_FOLDER/election_xcom.py', '--cfg-path', '/tmp/tmp4guosppc']
[2024-02-06T23:01:26.385+0000] {standard_task_runner.py:88} INFO - Job 41: Subtask query_and_return_value
[2024-02-06T23:01:26.453+0000] {task_command.py:423} INFO - Running <TaskInstance: senegal_presidential_election_dag.query_and_return_value manual__2024-02-06T22:26:56.887233+00:00 [running]> on host 4775ae97916b
[2024-02-06T23:01:26.551+0000] {taskinstance.py:2480} INFO - Exporting env vars: AIRFLOW_CTX_DAG_OWNER='el_mboup' AIRFLOW_CTX_DAG_ID='senegal_presidential_election_dag' AIRFLOW_CTX_TASK_ID='query_and_return_value' AIRFLOW_CTX_EXECUTION_DATE='2024-02-06T22:26:56.887233+00:00' AIRFLOW_CTX_TRY_NUMBER='13' AIRFLOW_CTX_DAG_RUN_ID='manual__2024-02-06T22:26:56.887233+00:00'
[2024-02-06T23:01:26.562+0000] {taskinstance.py:2698} ERROR - Task failed with exception
Traceback (most recent call last):
  File "/home/airflow/.local/lib/python3.8/site-packages/airflow/models/taskinstance.py", line 433, in _execute_task
    result = execute_callable(context=context, **execute_callable_kwargs)
  File "/home/airflow/.local/lib/python3.8/site-packages/airflow/operators/python.py", line 199, in execute
    return_value = self.execute_callable()
  File "/home/airflow/.local/lib/python3.8/site-packages/airflow/operators/python.py", line 216, in execute_callable
    return self.python_callable(*self.op_args, **self.op_kwargs)
  File "/opt/airflow/dags/election_xcom.py", line 42, in query_table_and_return_value
    serialized_candidates = [serialize_legacy_row(legacy_row(*row)) for row in result]
  File "/opt/airflow/dags/election_xcom.py", line 42, in <listcomp>
    serialized_candidates = [serialize_legacy_row(legacy_row(*row)) for row in result]
NameError: name 'legacy_row' is not defined
[2024-02-06T23:01:26.571+0000] {taskinstance.py:1138} INFO - Marking task as UP_FOR_RETRY. dag_id=senegal_presidential_election_dag, task_id=query_and_return_value, execution_date=20240206T222656, start_date=20240206T230126, end_date=20240206T230126
[2024-02-06T23:01:26.587+0000] {standard_task_runner.py:107} ERROR - Failed to execute job 41 for task query_and_return_value (name 'legacy_row' is not defined; 939)
[2024-02-06T23:01:26.638+0000] {local_task_job_runner.py:234} INFO - Task exited with return code 1
[2024-02-06T23:01:26.670+0000] {taskinstance.py:3280} INFO - 0 downstream tasks scheduled from follow-on schedule check
