[2024-02-06T22:58:58.157+0000] {taskinstance.py:1956} INFO - Dependencies all met for dep_context=non-requeueable deps ti=<TaskInstance: senegal_presidential_election_dag.query_and_return_value manual__2024-02-06T22:26:56.887233+00:00 [queued]>
[2024-02-06T22:58:58.166+0000] {taskinstance.py:1956} INFO - Dependencies all met for dep_context=requeueable deps ti=<TaskInstance: senegal_presidential_election_dag.query_and_return_value manual__2024-02-06T22:26:56.887233+00:00 [queued]>
[2024-02-06T22:58:58.167+0000] {taskinstance.py:2170} INFO - Starting attempt 12 of 13
[2024-02-06T22:58:58.181+0000] {taskinstance.py:2191} INFO - Executing <Task(PythonOperator): query_and_return_value> on 2024-02-06 22:26:56.887233+00:00
[2024-02-06T22:58:58.188+0000] {standard_task_runner.py:60} INFO - Started process 896 to run task
[2024-02-06T22:58:58.192+0000] {standard_task_runner.py:87} INFO - Running: ['***', 'tasks', 'run', 'senegal_presidential_election_dag', 'query_and_return_value', 'manual__2024-02-06T22:26:56.887233+00:00', '--job-id', '40', '--raw', '--subdir', 'DAGS_FOLDER/election_xcom.py', '--cfg-path', '/tmp/tmp81a6zfup']
[2024-02-06T22:58:58.195+0000] {standard_task_runner.py:88} INFO - Job 40: Subtask query_and_return_value
[2024-02-06T22:58:58.254+0000] {task_command.py:423} INFO - Running <TaskInstance: senegal_presidential_election_dag.query_and_return_value manual__2024-02-06T22:26:56.887233+00:00 [running]> on host 4775ae97916b
[2024-02-06T22:58:58.342+0000] {taskinstance.py:2480} INFO - Exporting env vars: AIRFLOW_CTX_DAG_OWNER='el_mboup' AIRFLOW_CTX_DAG_ID='senegal_presidential_election_dag' AIRFLOW_CTX_TASK_ID='query_and_return_value' AIRFLOW_CTX_EXECUTION_DATE='2024-02-06T22:26:56.887233+00:00' AIRFLOW_CTX_TRY_NUMBER='12' AIRFLOW_CTX_DAG_RUN_ID='manual__2024-02-06T22:26:56.887233+00:00'
[2024-02-06T22:58:58.355+0000] {taskinstance.py:2698} ERROR - Task failed with exception
Traceback (most recent call last):
  File "/home/airflow/.local/lib/python3.8/site-packages/airflow/models/taskinstance.py", line 433, in _execute_task
    result = execute_callable(context=context, **execute_callable_kwargs)
  File "/home/airflow/.local/lib/python3.8/site-packages/airflow/operators/python.py", line 199, in execute
    return_value = self.execute_callable()
  File "/home/airflow/.local/lib/python3.8/site-packages/airflow/operators/python.py", line 216, in execute_callable
    return self.python_callable(*self.op_args, **self.op_kwargs)
  File "/opt/airflow/dags/election_xcom.py", line 42, in query_table_and_return_value
    serialized_candidates = [serialize_legacy_row(LegacyRow(*row)) for row in result]
  File "/opt/airflow/dags/election_xcom.py", line 42, in <listcomp>
    serialized_candidates = [serialize_legacy_row(LegacyRow(*row)) for row in result]
NameError: name 'LegacyRow' is not defined
[2024-02-06T22:58:58.365+0000] {taskinstance.py:1138} INFO - Marking task as UP_FOR_RETRY. dag_id=senegal_presidential_election_dag, task_id=query_and_return_value, execution_date=20240206T222656, start_date=20240206T225858, end_date=20240206T225858
[2024-02-06T22:58:58.378+0000] {standard_task_runner.py:107} ERROR - Failed to execute job 40 for task query_and_return_value (name 'LegacyRow' is not defined; 896)
[2024-02-06T22:58:58.406+0000] {local_task_job_runner.py:234} INFO - Task exited with return code 1
[2024-02-06T22:58:58.435+0000] {taskinstance.py:3280} INFO - 0 downstream tasks scheduled from follow-on schedule check
