[2024-02-07T12:39:26.821+0000] {taskinstance.py:1956} INFO - Dependencies all met for dep_context=non-requeueable deps ti=<TaskInstance: airflow-postgres-dag.insert_data manual__2024-02-07T12:39:21.380760+00:00 [queued]>
[2024-02-07T12:39:26.831+0000] {taskinstance.py:1956} INFO - Dependencies all met for dep_context=requeueable deps ti=<TaskInstance: airflow-postgres-dag.insert_data manual__2024-02-07T12:39:21.380760+00:00 [queued]>
[2024-02-07T12:39:26.832+0000] {taskinstance.py:2170} INFO - Starting attempt 1 of 2
[2024-02-07T12:39:26.848+0000] {taskinstance.py:2191} INFO - Executing <Task(PythonOperator): insert_data> on 2024-02-07 12:39:21.380760+00:00
[2024-02-07T12:39:26.857+0000] {standard_task_runner.py:60} INFO - Started process 5888 to run task
[2024-02-07T12:39:26.861+0000] {standard_task_runner.py:87} INFO - Running: ['***', 'tasks', 'run', '***-postgres-dag', 'insert_data', 'manual__2024-02-07T12:39:21.380760+00:00', '--job-id', '256', '--raw', '--subdir', 'DAGS_FOLDER/election_dag.py', '--cfg-path', '/tmp/tmpk7jk0cu4']
[2024-02-07T12:39:26.863+0000] {standard_task_runner.py:88} INFO - Job 256: Subtask insert_data
[2024-02-07T12:39:26.918+0000] {task_command.py:423} INFO - Running <TaskInstance: airflow-postgres-dag.insert_data manual__2024-02-07T12:39:21.380760+00:00 [running]> on host 4775ae97916b
[2024-02-07T12:39:27.016+0000] {taskinstance.py:2480} INFO - Exporting env vars: AIRFLOW_CTX_DAG_OWNER='El_mboup' AIRFLOW_CTX_DAG_ID='***-postgres-dag' AIRFLOW_CTX_TASK_ID='insert_data' AIRFLOW_CTX_EXECUTION_DATE='2024-02-07T12:39:21.380760+00:00' AIRFLOW_CTX_TRY_NUMBER='1' AIRFLOW_CTX_DAG_RUN_ID='manual__2024-02-07T12:39:21.380760+00:00'
[2024-02-07T12:39:27.019+0000] {sql.py:276} INFO - Executing: 
   INSERT INTO candidatures_presidentielle (prenom, nom, parti, satut_validation) VALUES
   ('Amadou', 'Ba', 'APR', 'validée'),
   ('Ousmane', 'Sonko', 'ex-PASTEF', 'Rejetée'),
   ('Karim', 'Wade', 'PDS', 'Rejetée'),
   ('Pape Djibril', 'Fall', 'Serviteur', 'validée'),
   ('Anta Babacar', 'Ngom', 'Alternative Citoyenne', 'validée');
   
[2024-02-07T12:39:27.029+0000] {base.py:83} INFO - Using connection ID 'postgres_conn' for task execution.
[2024-02-07T12:39:27.040+0000] {base.py:83} INFO - Using connection ID 'postgres_conn' for task execution.
[2024-02-07T12:39:27.045+0000] {sql.py:450} INFO - Running statement: 
   INSERT INTO candidatures_presidentielle (prenom, nom, parti, satut_validation) VALUES
   ('Amadou', 'Ba', 'APR', 'validée'),
   ('Ousmane', 'Sonko', 'ex-PASTEF', 'Rejetée'),
   ('Karim', 'Wade', 'PDS', 'Rejetée'),
   ('Pape Djibril', 'Fall', 'Serviteur', 'validée'),
   ('Anta Babacar', 'Ngom', 'Alternative Citoyenne', 'validée');
   , parameters: None
[2024-02-07T12:39:27.047+0000] {sql.py:459} INFO - Rows affected: 5
[2024-02-07T12:39:27.051+0000] {python.py:201} INFO - Done. Returned value was: None
[2024-02-07T12:39:27.062+0000] {taskinstance.py:1138} INFO - Marking task as SUCCESS. dag_id=***-postgres-dag, task_id=insert_data, execution_date=20240207T123921, start_date=20240207T123926, end_date=20240207T123927
[2024-02-07T12:39:27.118+0000] {local_task_job_runner.py:234} INFO - Task exited with return code 0
[2024-02-07T12:39:27.151+0000] {taskinstance.py:3280} INFO - 1 downstream tasks scheduled from follow-on schedule check
