[2024-02-07T15:15:56.162+0000] {taskinstance.py:1956} INFO - Dependencies all met for dep_context=non-requeueable deps ti=<TaskInstance: airflow-postgres-dag.insert_data manual__2024-02-07T15:15:49.542144+00:00 [queued]>
[2024-02-07T15:15:56.177+0000] {taskinstance.py:1956} INFO - Dependencies all met for dep_context=requeueable deps ti=<TaskInstance: airflow-postgres-dag.insert_data manual__2024-02-07T15:15:49.542144+00:00 [queued]>
[2024-02-07T15:15:56.178+0000] {taskinstance.py:2170} INFO - Starting attempt 1 of 2
[2024-02-07T15:15:56.205+0000] {taskinstance.py:2191} INFO - Executing <Task(PythonOperator): insert_data> on 2024-02-07 15:15:49.542144+00:00
[2024-02-07T15:15:56.212+0000] {standard_task_runner.py:60} INFO - Started process 6816 to run task
[2024-02-07T15:15:56.217+0000] {standard_task_runner.py:87} INFO - Running: ['***', 'tasks', 'run', '***-postgres-dag', 'insert_data', 'manual__2024-02-07T15:15:49.542144+00:00', '--job-id', '267', '--raw', '--subdir', 'DAGS_FOLDER/election_dag.py', '--cfg-path', '/tmp/tmpvh6csezz']
[2024-02-07T15:15:56.223+0000] {standard_task_runner.py:88} INFO - Job 267: Subtask insert_data
[2024-02-07T15:15:56.340+0000] {task_command.py:423} INFO - Running <TaskInstance: airflow-postgres-dag.insert_data manual__2024-02-07T15:15:49.542144+00:00 [running]> on host 4775ae97916b
[2024-02-07T15:15:56.468+0000] {taskinstance.py:2480} INFO - Exporting env vars: AIRFLOW_CTX_DAG_OWNER='El_mboup' AIRFLOW_CTX_DAG_ID='***-postgres-dag' AIRFLOW_CTX_TASK_ID='insert_data' AIRFLOW_CTX_EXECUTION_DATE='2024-02-07T15:15:49.542144+00:00' AIRFLOW_CTX_TRY_NUMBER='1' AIRFLOW_CTX_DAG_RUN_ID='manual__2024-02-07T15:15:49.542144+00:00'
[2024-02-07T15:15:56.474+0000] {sql.py:276} INFO - Executing: 
   INSERT INTO candidatures_presidentielle (prenom, nom, parti, satut_validation) VALUES
   ('Amadou', 'Ba', 'APR', 'validée'),
   ('Ousmane', 'Sonko', 'ex-PASTEF', 'Rejetée'),
   ('Karim', 'Wade', 'PDS', 'Rejetée'),
   ('Pape Djibril', 'Fall', 'Serviteur', 'validée'),
   ('Anta Babacar', 'Ngom', 'Alternative Citoyenne', 'validée');
   
[2024-02-07T15:15:56.509+0000] {base.py:83} INFO - Using connection ID 'postgres_conn' for task execution.
[2024-02-07T15:15:56.525+0000] {base.py:83} INFO - Using connection ID 'postgres_conn' for task execution.
[2024-02-07T15:15:56.529+0000] {sql.py:450} INFO - Running statement: 
   INSERT INTO candidatures_presidentielle (prenom, nom, parti, satut_validation) VALUES
   ('Amadou', 'Ba', 'APR', 'validée'),
   ('Ousmane', 'Sonko', 'ex-PASTEF', 'Rejetée'),
   ('Karim', 'Wade', 'PDS', 'Rejetée'),
   ('Pape Djibril', 'Fall', 'Serviteur', 'validée'),
   ('Anta Babacar', 'Ngom', 'Alternative Citoyenne', 'validée');
   , parameters: None
[2024-02-07T15:15:56.531+0000] {sql.py:459} INFO - Rows affected: 5
[2024-02-07T15:15:56.534+0000] {python.py:201} INFO - Done. Returned value was: None
[2024-02-07T15:15:56.549+0000] {taskinstance.py:1138} INFO - Marking task as SUCCESS. dag_id=***-postgres-dag, task_id=insert_data, execution_date=20240207T151549, start_date=20240207T151556, end_date=20240207T151556
[2024-02-07T15:15:56.577+0000] {local_task_job_runner.py:234} INFO - Task exited with return code 0
[2024-02-07T15:15:56.611+0000] {taskinstance.py:3280} INFO - 1 downstream tasks scheduled from follow-on schedule check
