[2024-02-06T22:18:23.758+0000] {taskinstance.py:1956} INFO - Dependencies all met for dep_context=non-requeueable deps ti=<TaskInstance: airflow-postgres-dag.insert_data manual__2024-02-06T22:18:18.383903+00:00 [queued]>
[2024-02-06T22:18:23.770+0000] {taskinstance.py:1956} INFO - Dependencies all met for dep_context=requeueable deps ti=<TaskInstance: airflow-postgres-dag.insert_data manual__2024-02-06T22:18:18.383903+00:00 [queued]>
[2024-02-06T22:18:23.771+0000] {taskinstance.py:2170} INFO - Starting attempt 1 of 2
[2024-02-06T22:18:23.789+0000] {taskinstance.py:2191} INFO - Executing <Task(PythonOperator): insert_data> on 2024-02-06 22:18:18.383903+00:00
[2024-02-06T22:18:23.797+0000] {standard_task_runner.py:60} INFO - Started process 242 to run task
[2024-02-06T22:18:23.802+0000] {standard_task_runner.py:87} INFO - Running: ['***', 'tasks', 'run', '***-postgres-dag', 'insert_data', 'manual__2024-02-06T22:18:18.383903+00:00', '--job-id', '19', '--raw', '--subdir', 'DAGS_FOLDER/election_dag.py', '--cfg-path', '/tmp/tmp_0kzriup']
[2024-02-06T22:18:23.804+0000] {standard_task_runner.py:88} INFO - Job 19: Subtask insert_data
[2024-02-06T22:18:23.866+0000] {task_command.py:423} INFO - Running <TaskInstance: airflow-postgres-dag.insert_data manual__2024-02-06T22:18:18.383903+00:00 [running]> on host 4775ae97916b
[2024-02-06T22:18:23.951+0000] {taskinstance.py:2480} INFO - Exporting env vars: AIRFLOW_CTX_DAG_OWNER='El_mboup' AIRFLOW_CTX_DAG_ID='***-postgres-dag' AIRFLOW_CTX_TASK_ID='insert_data' AIRFLOW_CTX_EXECUTION_DATE='2024-02-06T22:18:18.383903+00:00' AIRFLOW_CTX_TRY_NUMBER='1' AIRFLOW_CTX_DAG_RUN_ID='manual__2024-02-06T22:18:18.383903+00:00'
[2024-02-06T22:18:23.954+0000] {sql.py:276} INFO - Executing: 
   INSERT INTO candidatures_presidentielle (prenom, nom, parti, satut_validation) VALUES
   ('Amadou', 'Ba', 'APR', 'validée'),
   ('Ousmane', 'Sonko', 'ex-PASTEF', 'Rejetée'),
   ('Karim', 'Wade', 'PDS', 'Rejetée'),
   ('Pape Djibril', 'Fall', 'Serviteur', 'validée');
   
[2024-02-06T22:18:23.963+0000] {base.py:83} INFO - Using connection ID 'postgres_conn' for task execution.
[2024-02-06T22:18:23.974+0000] {base.py:83} INFO - Using connection ID 'postgres_conn' for task execution.
[2024-02-06T22:18:23.978+0000] {sql.py:450} INFO - Running statement: 
   INSERT INTO candidatures_presidentielle (prenom, nom, parti, satut_validation) VALUES
   ('Amadou', 'Ba', 'APR', 'validée'),
   ('Ousmane', 'Sonko', 'ex-PASTEF', 'Rejetée'),
   ('Karim', 'Wade', 'PDS', 'Rejetée'),
   ('Pape Djibril', 'Fall', 'Serviteur', 'validée');
   , parameters: None
[2024-02-06T22:18:23.980+0000] {sql.py:459} INFO - Rows affected: 4
[2024-02-06T22:18:23.983+0000] {python.py:201} INFO - Done. Returned value was: None
[2024-02-06T22:18:23.994+0000] {taskinstance.py:1138} INFO - Marking task as SUCCESS. dag_id=***-postgres-dag, task_id=insert_data, execution_date=20240206T221818, start_date=20240206T221823, end_date=20240206T221823
[2024-02-06T22:18:24.016+0000] {local_task_job_runner.py:234} INFO - Task exited with return code 0
[2024-02-06T22:18:24.056+0000] {taskinstance.py:3280} INFO - 1 downstream tasks scheduled from follow-on schedule check
