[2024-02-06T22:18:21.128+0000] {taskinstance.py:1956} INFO - Dependencies all met for dep_context=non-requeueable deps ti=<TaskInstance: airflow-postgres-dag.create_table manual__2024-02-06T22:18:18.383903+00:00 [queued]>
[2024-02-06T22:18:21.137+0000] {taskinstance.py:1956} INFO - Dependencies all met for dep_context=requeueable deps ti=<TaskInstance: airflow-postgres-dag.create_table manual__2024-02-06T22:18:18.383903+00:00 [queued]>
[2024-02-06T22:18:21.138+0000] {taskinstance.py:2170} INFO - Starting attempt 1 of 2
[2024-02-06T22:18:21.153+0000] {taskinstance.py:2191} INFO - Executing <Task(PythonOperator): create_table> on 2024-02-06 22:18:18.383903+00:00
[2024-02-06T22:18:21.160+0000] {standard_task_runner.py:60} INFO - Started process 239 to run task
[2024-02-06T22:18:21.164+0000] {standard_task_runner.py:87} INFO - Running: ['***', 'tasks', 'run', '***-postgres-dag', 'create_table', 'manual__2024-02-06T22:18:18.383903+00:00', '--job-id', '18', '--raw', '--subdir', 'DAGS_FOLDER/election_dag.py', '--cfg-path', '/tmp/tmp_fp_dx25']
[2024-02-06T22:18:21.166+0000] {standard_task_runner.py:88} INFO - Job 18: Subtask create_table
[2024-02-06T22:18:21.219+0000] {task_command.py:423} INFO - Running <TaskInstance: airflow-postgres-dag.create_table manual__2024-02-06T22:18:18.383903+00:00 [running]> on host 4775ae97916b
[2024-02-06T22:18:21.331+0000] {taskinstance.py:2480} INFO - Exporting env vars: AIRFLOW_CTX_DAG_OWNER='El_mboup' AIRFLOW_CTX_DAG_ID='***-postgres-dag' AIRFLOW_CTX_TASK_ID='create_table' AIRFLOW_CTX_EXECUTION_DATE='2024-02-06T22:18:18.383903+00:00' AIRFLOW_CTX_TRY_NUMBER='1' AIRFLOW_CTX_DAG_RUN_ID='manual__2024-02-06T22:18:18.383903+00:00'
[2024-02-06T22:18:21.334+0000] {sql.py:276} INFO - Executing: 
   CREATE TABLE IF NOT EXISTS candidatures_presidentielle (
       id SERIAL PRIMARY KEY,
       prenom VARCHAR(255),
       nom VARCHAR(255),
       parti VARCHAR(255),
       satut_validation VARCHAR(50)
   );
   
[2024-02-06T22:18:21.345+0000] {base.py:83} INFO - Using connection ID 'postgres_conn' for task execution.
[2024-02-06T22:18:21.355+0000] {base.py:83} INFO - Using connection ID 'postgres_conn' for task execution.
[2024-02-06T22:18:21.362+0000] {sql.py:450} INFO - Running statement: 
   CREATE TABLE IF NOT EXISTS candidatures_presidentielle (
       id SERIAL PRIMARY KEY,
       prenom VARCHAR(255),
       nom VARCHAR(255),
       parti VARCHAR(255),
       satut_validation VARCHAR(50)
   );
   , parameters: None
[2024-02-06T22:18:21.372+0000] {python.py:201} INFO - Done. Returned value was: None
[2024-02-06T22:18:21.382+0000] {taskinstance.py:1138} INFO - Marking task as SUCCESS. dag_id=***-postgres-dag, task_id=create_table, execution_date=20240206T221818, start_date=20240206T221821, end_date=20240206T221821
[2024-02-06T22:18:21.422+0000] {local_task_job_runner.py:234} INFO - Task exited with return code 0
[2024-02-06T22:18:21.459+0000] {taskinstance.py:3280} INFO - 1 downstream tasks scheduled from follow-on schedule check
