[2024-02-07T00:00:06.254+0000] {taskinstance.py:1956} INFO - Dependencies all met for dep_context=non-requeueable deps ti=<TaskInstance: senegal_presidential_election_dag.insert_candidates scheduled__2024-02-06T00:00:00+00:00 [queued]>
[2024-02-07T00:00:06.270+0000] {taskinstance.py:1956} INFO - Dependencies all met for dep_context=requeueable deps ti=<TaskInstance: senegal_presidential_election_dag.insert_candidates scheduled__2024-02-06T00:00:00+00:00 [queued]>
[2024-02-07T00:00:06.271+0000] {taskinstance.py:2170} INFO - Starting attempt 1 of 2
[2024-02-07T00:00:06.292+0000] {taskinstance.py:2191} INFO - Executing <Task(PostgresOperator): insert_candidates> on 2024-02-06 00:00:00+00:00
[2024-02-07T00:00:06.302+0000] {standard_task_runner.py:60} INFO - Started process 1819 to run task
[2024-02-07T00:00:06.311+0000] {standard_task_runner.py:87} INFO - Running: ['***', 'tasks', 'run', 'senegal_presidential_election_dag', 'insert_candidates', 'scheduled__2024-02-06T00:00:00+00:00', '--job-id', '54', '--raw', '--subdir', 'DAGS_FOLDER/election_xcom.py', '--cfg-path', '/tmp/tmp7h98qi2f']
[2024-02-07T00:00:06.316+0000] {standard_task_runner.py:88} INFO - Job 54: Subtask insert_candidates
[2024-02-07T00:00:06.389+0000] {task_command.py:423} INFO - Running <TaskInstance: senegal_presidential_election_dag.insert_candidates scheduled__2024-02-06T00:00:00+00:00 [running]> on host 4775ae97916b
[2024-02-07T00:00:06.485+0000] {taskinstance.py:2480} INFO - Exporting env vars: AIRFLOW_CTX_DAG_OWNER='el_mboup' AIRFLOW_CTX_DAG_ID='senegal_presidential_election_dag' AIRFLOW_CTX_TASK_ID='insert_candidates' AIRFLOW_CTX_EXECUTION_DATE='2024-02-06T00:00:00+00:00' AIRFLOW_CTX_TRY_NUMBER='1' AIRFLOW_CTX_DAG_RUN_ID='scheduled__2024-02-06T00:00:00+00:00'
[2024-02-07T00:00:06.487+0000] {sql.py:276} INFO - Executing: 
   INSERT INTO candidatures_presidentielle (prenom, nom, parti, satut_validation) VALUES
   ('Amadou', 'Ba', 'APR', 'validée'),
   ('Ousmane', 'Sonko', 'ex-PASTEF', 'Rejetée'),
   ('Karim', 'Wade', 'PDS', 'Rejetée'),
   ('Pape Djibril', 'Fall', 'Serviteur', 'validée');
   
[2024-02-07T00:00:06.500+0000] {base.py:83} INFO - Using connection ID 'postgres_conn' for task execution.
[2024-02-07T00:00:06.519+0000] {base.py:83} INFO - Using connection ID 'postgres_conn' for task execution.
[2024-02-07T00:00:06.525+0000] {sql.py:450} INFO - Running statement: 
   INSERT INTO candidatures_presidentielle (prenom, nom, parti, satut_validation) VALUES
   ('Amadou', 'Ba', 'APR', 'validée'),
   ('Ousmane', 'Sonko', 'ex-PASTEF', 'Rejetée'),
   ('Karim', 'Wade', 'PDS', 'Rejetée'),
   ('Pape Djibril', 'Fall', 'Serviteur', 'validée');
   , parameters: None
[2024-02-07T00:00:06.526+0000] {sql.py:459} INFO - Rows affected: 4
[2024-02-07T00:00:06.541+0000] {taskinstance.py:1138} INFO - Marking task as SUCCESS. dag_id=senegal_presidential_election_dag, task_id=insert_candidates, execution_date=20240206T000000, start_date=20240207T000006, end_date=20240207T000006
[2024-02-07T00:00:06.607+0000] {local_task_job_runner.py:234} INFO - Task exited with return code 0
[2024-02-07T00:00:06.645+0000] {taskinstance.py:3280} INFO - 1 downstream tasks scheduled from follow-on schedule check
